<?xml version="1.0" encoding="UTF-8"?>
<testng-results ignored="0" total="3" passed="3" failed="0" skipped="0">
  <reporter-output>
  </reporter-output>
  <suite started-at="2018-09-25T18:18:48Z" name="Default suite" finished-at="2018-09-25T18:19:45Z" duration-ms="57338">
    <groups>
    </groups>
    <test started-at="2018-09-25T18:18:48Z" name="Default test" finished-at="2018-09-25T18:19:45Z" duration-ms="57338">
      <class name="com.crm.qa.testcases.HomePageTest">
        <test-method is-config="true" signature="setUp()[pri:0, instance:com.crm.qa.testcases.HomePageTest@3cc1435c]" started-at="2018-09-25T23:48:48Z" name="setUp" finished-at="2018-09-25T23:49:04Z" duration-ms="16367" status="PASS">
          <reporter-output>
          </reporter-output>
        </test-method> <!-- setUp -->
        <test-method signature="verifyHomePageTitleTest()[pri:1, instance:com.crm.qa.testcases.HomePageTest@3cc1435c]" started-at="2018-09-25T23:49:04Z" name="verifyHomePageTitleTest" finished-at="2018-09-25T23:49:04Z" duration-ms="15" status="PASS">
          <reporter-output>
          </reporter-output>
        </test-method> <!-- verifyHomePageTitleTest -->
        <test-method is-config="true" signature="tearDown()[pri:0, instance:com.crm.qa.testcases.HomePageTest@3cc1435c]" started-at="2018-09-25T23:49:04Z" name="tearDown" finished-at="2018-09-25T23:49:05Z" duration-ms="798" status="PASS">
          <reporter-output>
          </reporter-output>
        </test-method> <!-- tearDown -->
        <test-method is-config="true" signature="setUp()[pri:0, instance:com.crm.qa.testcases.HomePageTest@3cc1435c]" started-at="2018-09-25T23:49:05Z" name="setUp" finished-at="2018-09-25T23:49:26Z" duration-ms="21274" status="PASS">
          <reporter-output>
          </reporter-output>
        </test-method> <!-- setUp -->
        <test-method signature="verifyUserNameTest()[pri:2, instance:com.crm.qa.testcases.HomePageTest@3cc1435c]" started-at="2018-09-25T23:49:26Z" name="verifyUserNameTest" finished-at="2018-09-25T23:49:27Z" duration-ms="135" status="PASS">
          <reporter-output>
          </reporter-output>
        </test-method> <!-- verifyUserNameTest -->
        <test-method is-config="true" signature="tearDown()[pri:0, instance:com.crm.qa.testcases.HomePageTest@3cc1435c]" started-at="2018-09-25T23:49:27Z" name="tearDown" finished-at="2018-09-25T23:49:27Z" duration-ms="696" status="PASS">
          <reporter-output>
          </reporter-output>
        </test-method> <!-- tearDown -->
        <test-method is-config="true" signature="setUp()[pri:0, instance:com.crm.qa.testcases.HomePageTest@3cc1435c]" started-at="2018-09-25T23:49:27Z" name="setUp" finished-at="2018-09-25T23:49:43Z" duration-ms="15864" status="PASS">
          <reporter-output>
          </reporter-output>
        </test-method> <!-- setUp -->
        <test-method signature="verifyContactsLinkTest()[pri:3, instance:com.crm.qa.testcases.HomePageTest@3cc1435c]" started-at="2018-09-25T23:49:43Z" name="verifyContactsLinkTest" finished-at="2018-09-25T23:49:45Z" duration-ms="1455" status="PASS">
          <reporter-output>
          </reporter-output>
        </test-method> <!-- verifyContactsLinkTest -->
        <test-method is-config="true" signature="tearDown()[pri:0, instance:com.crm.qa.testcases.HomePageTest@3cc1435c]" started-at="2018-09-25T23:49:45Z" name="tearDown" finished-at="2018-09-25T23:49:45Z" duration-ms="709" status="PASS">
          <reporter-output>
          </reporter-output>
        </test-method> <!-- tearDown -->
      </class> <!-- com.crm.qa.testcases.HomePageTest -->
    </test> <!-- Default test -->
  </suite> <!-- Default suite -->
</testng-results>
